Determining if the pthread_create exist failed with the following output:
Change Dir: /home/jamie/Documents/Project4/Cleanify/RoombaController/Build/CMakeFiles/CMakeTmp

Run Build Command:"/usr/bin/make" "cmTC_d92af/fast"
/usr/bin/make -f CMakeFiles/cmTC_d92af.dir/build.make CMakeFiles/cmTC_d92af.dir/build
make[1]: Entering directory '/home/jamie/Documents/Project4/Cleanify/RoombaController/Build/CMakeFiles/CMakeTmp'
Building C object CMakeFiles/cmTC_d92af.dir/CheckSymbolExists.c.o
/usr/bin/cc     -o CMakeFiles/cmTC_d92af.dir/CheckSymbolExists.c.o   -c /home/jamie/Documents/Project4/Cleanify/RoombaController/Build/CMakeFiles/CMakeTmp/CheckSymbolExists.c
Linking C executable cmTC_d92af
/home/jamie/.local/share/JetBrains/Toolbox/apps/CLion/ch-0/171.3780.121/bin/cmake/bin/cmake -E cmake_link_script CMakeFiles/cmTC_d92af.dir/link.txt --verbose=1
/usr/bin/cc       CMakeFiles/cmTC_d92af.dir/CheckSymbolExists.c.o  -o cmTC_d92af 
CMakeFiles/cmTC_d92af.dir/CheckSymbolExists.c.o: In function `main':
CheckSymbolExists.c:(.text+0x16): undefined reference to `pthread_create'
collect2: error: ld returned 1 exit status
CMakeFiles/cmTC_d92af.dir/build.make:97: recipe for target 'cmTC_d92af' failed
make[1]: *** [cmTC_d92af] Error 1
make[1]: Leaving directory '/home/jamie/Documents/Project4/Cleanify/RoombaController/Build/CMakeFiles/CMakeTmp'
Makefile:126: recipe for target 'cmTC_d92af/fast' failed
make: *** [cmTC_d92af/fast] Error 2

File /home/jamie/Documents/Project4/Cleanify/RoombaController/Build/CMakeFiles/CMakeTmp/CheckSymbolExists.c:
/* */
#include <pthread.h>

int main(int argc, char** argv)
{
  (void)argv;
#ifndef pthread_create
  return ((int*)(&pthread_create))[argc];
#else
  (void)argc;
  return 0;
#endif
}

Determining if the function pthread_create exists in the pthreads failed with the following output:
Change Dir: /home/jamie/Documents/Project4/Cleanify/RoombaController/Build/CMakeFiles/CMakeTmp

Run Build Command:"/usr/bin/make" "cmTC_47045/fast"
/usr/bin/make -f CMakeFiles/cmTC_47045.dir/build.make CMakeFiles/cmTC_47045.dir/build
make[1]: Entering directory '/home/jamie/Documents/Project4/Cleanify/RoombaController/Build/CMakeFiles/CMakeTmp'
Building C object CMakeFiles/cmTC_47045.dir/CheckFunctionExists.c.o
/usr/bin/cc    -DCHECK_FUNCTION_EXISTS=pthread_create   -o CMakeFiles/cmTC_47045.dir/CheckFunctionExists.c.o   -c /home/jamie/.local/share/JetBrains/Toolbox/apps/CLion/ch-0/171.3780.121/bin/cmake/share/cmake-3.7/Modules/CheckFunctionExists.c
Linking C executable cmTC_47045
/home/jamie/.local/share/JetBrains/Toolbox/apps/CLion/ch-0/171.3780.121/bin/cmake/bin/cmake -E cmake_link_script CMakeFiles/cmTC_47045.dir/link.txt --verbose=1
/usr/bin/cc   -DCHECK_FUNCTION_EXISTS=pthread_create    CMakeFiles/cmTC_47045.dir/CheckFunctionExists.c.o  -o cmTC_47045 -lpthreads 
/usr/bin/ld: cannot find -lpthreads
collect2: error: ld returned 1 exit status
CMakeFiles/cmTC_47045.dir/build.make:97: recipe for target 'cmTC_47045' failed
make[1]: *** [cmTC_47045] Error 1
make[1]: Leaving directory '/home/jamie/Documents/Project4/Cleanify/RoombaController/Build/CMakeFiles/CMakeTmp'
Makefile:126: recipe for target 'cmTC_47045/fast' failed
make: *** [cmTC_47045/fast] Error 2


