Determining if the pthread_create exist failed with the following output:
Change Dir: /media/victor/harde schijf/school/HBO2/semester_2/Cleanify/RoombaController/bin/CMakeFiles/CMakeTmp

Run Build Command:"/usr/bin/make" "cmTC_c1392/fast"
/usr/bin/make -f CMakeFiles/cmTC_c1392.dir/build.make CMakeFiles/cmTC_c1392.dir/build
make[1]: Entering directory '/media/victor/harde schijf/school/HBO2/semester_2/Cleanify/RoombaController/bin/CMakeFiles/CMakeTmp'
Building C object CMakeFiles/cmTC_c1392.dir/CheckSymbolExists.c.o
/usr/bin/cc     -o CMakeFiles/cmTC_c1392.dir/CheckSymbolExists.c.o   -c "/media/victor/harde schijf/school/HBO2/semester_2/Cleanify/RoombaController/bin/CMakeFiles/CMakeTmp/CheckSymbolExists.c"
Linking C executable cmTC_c1392
/home/victor/clion-2016.3.2/bin/cmake/bin/cmake -E cmake_link_script CMakeFiles/cmTC_c1392.dir/link.txt --verbose=1
/usr/bin/cc       CMakeFiles/cmTC_c1392.dir/CheckSymbolExists.c.o  -o cmTC_c1392 
CMakeFiles/cmTC_c1392.dir/CheckSymbolExists.c.o: In function `main':
CheckSymbolExists.c:(.text+0x16): undefined reference to `pthread_create'
collect2: error: ld returned 1 exit status
CMakeFiles/cmTC_c1392.dir/build.make:97: recipe for target 'cmTC_c1392' failed
make[1]: *** [cmTC_c1392] Error 1
make[1]: Leaving directory '/media/victor/harde schijf/school/HBO2/semester_2/Cleanify/RoombaController/bin/CMakeFiles/CMakeTmp'
Makefile:126: recipe for target 'cmTC_c1392/fast' failed
make: *** [cmTC_c1392/fast] Error 2

File /media/victor/harde schijf/school/HBO2/semester_2/Cleanify/RoombaController/bin/CMakeFiles/CMakeTmp/CheckSymbolExists.c:
/* */
#include <pthread.h>

int main(int argc, char** argv)
{
  (void)argv;
#ifndef pthread_create
  return ((int*)(&pthread_create))[argc];
#else
  (void)argc;
  return 0;
#endif
}

Determining if the function pthread_create exists in the pthreads failed with the following output:
Change Dir: /media/victor/harde schijf/school/HBO2/semester_2/Cleanify/RoombaController/bin/CMakeFiles/CMakeTmp

Run Build Command:"/usr/bin/make" "cmTC_e042b/fast"
/usr/bin/make -f CMakeFiles/cmTC_e042b.dir/build.make CMakeFiles/cmTC_e042b.dir/build
make[1]: Entering directory '/media/victor/harde schijf/school/HBO2/semester_2/Cleanify/RoombaController/bin/CMakeFiles/CMakeTmp'
Building C object CMakeFiles/cmTC_e042b.dir/CheckFunctionExists.c.o
/usr/bin/cc    -DCHECK_FUNCTION_EXISTS=pthread_create   -o CMakeFiles/cmTC_e042b.dir/CheckFunctionExists.c.o   -c /home/victor/clion-2016.3.2/bin/cmake/share/cmake-3.7/Modules/CheckFunctionExists.c
Linking C executable cmTC_e042b
/home/victor/clion-2016.3.2/bin/cmake/bin/cmake -E cmake_link_script CMakeFiles/cmTC_e042b.dir/link.txt --verbose=1
/usr/bin/cc   -DCHECK_FUNCTION_EXISTS=pthread_create    CMakeFiles/cmTC_e042b.dir/CheckFunctionExists.c.o  -o cmTC_e042b -lpthreads 
/usr/bin/ld: cannot find -lpthreads
collect2: error: ld returned 1 exit status
CMakeFiles/cmTC_e042b.dir/build.make:97: recipe for target 'cmTC_e042b' failed
make[1]: *** [cmTC_e042b] Error 1
make[1]: Leaving directory '/media/victor/harde schijf/school/HBO2/semester_2/Cleanify/RoombaController/bin/CMakeFiles/CMakeTmp'
Makefile:126: recipe for target 'cmTC_e042b/fast' failed
make: *** [cmTC_e042b/fast] Error 2


